2021-08-05 11:45:04.475  INFO 7724 --- [restartedMain] com.hxh.emsjsp.EmsJspApplication         : Starting EmsJspApplication using Java 1.8.0_191 on DESKTOP-9S2DH3B with PID 7724 (C:\Users\hxsz\IdeaProjects\ems-jsp\target\classes started by hxsz in C:\Users\hxsz\IdeaProjects\ems-jsp)
2021-08-05 11:45:04.510 DEBUG 7724 --- [restartedMain] com.hxh.emsjsp.EmsJspApplication         : Running with Spring Boot v2.5.3, Spring v5.3.9
2021-08-05 11:45:04.511  INFO 7724 --- [restartedMain] com.hxh.emsjsp.EmsJspApplication         : No active profile set, falling back to default profiles: default
2021-08-05 11:45:04.557  INFO 7724 --- [restartedMain] .e.DevToolsPropertyDefaultsPostProcessor : Devtools property defaults active! Set 'spring.devtools.add-properties' to 'false' to disable
2021-08-05 11:45:04.558  INFO 7724 --- [restartedMain] .e.DevToolsPropertyDefaultsPostProcessor : For additional web related logging consider setting the 'logging.level.web' property to 'DEBUG'
2021-08-05 11:45:05.636  INFO 7724 --- [restartedMain] o.s.b.w.embedded.tomcat.TomcatWebServer  : Tomcat initialized with port(s): 8081 (http)
2021-08-05 11:45:05.644  INFO 7724 --- [restartedMain] o.apache.catalina.core.StandardService   : Starting service [Tomcat]
2021-08-05 11:45:05.645  INFO 7724 --- [restartedMain] org.apache.catalina.core.StandardEngine  : Starting Servlet engine: [Apache Tomcat/9.0.50]
2021-08-05 11:45:05.988  INFO 7724 --- [restartedMain] org.apache.jasper.servlet.TldScanner     : At least one JAR was scanned for TLDs yet contained no TLDs. Enable debug logging for this logger for a complete list of JARs that were scanned but no TLDs were found in them. Skipping unneeded JARs during scanning can improve startup time and JSP compilation time.
2021-08-05 11:45:05.994  INFO 7724 --- [restartedMain] o.a.c.c.C.[.[localhost].[/ems-jsp]       : Initializing Spring embedded WebApplicationContext
2021-08-05 11:45:05.994  INFO 7724 --- [restartedMain] w.s.c.ServletWebServerApplicationContext : Root WebApplicationContext: initialization completed in 1436 ms
2021-08-05 11:45:06.522  INFO 7724 --- [restartedMain] o.s.b.a.w.s.WelcomePageHandlerMapping    : Adding welcome page template: index
2021-08-05 11:45:06.622  WARN 7724 --- [restartedMain] o.s.b.d.a.OptionalLiveReloadServer       : Unable to start LiveReload server
2021-08-05 11:45:06.657  INFO 7724 --- [restartedMain] o.s.b.w.embedded.tomcat.TomcatWebServer  : Tomcat started on port(s): 8081 (http) with context path '/ems-jsp'
2021-08-05 11:45:06.666  INFO 7724 --- [restartedMain] com.hxh.emsjsp.EmsJspApplication         : Started EmsJspApplication in 2.616 seconds (JVM running for 3.29)
2021-08-05 13:47:14.197  INFO 7724 --- [Thread-2] com.alibaba.druid.pool.DruidDataSource   : {dataSource-0} closing ...
2021-08-05 13:47:14.370  INFO 7724 --- [restartedMain] com.hxh.emsjsp.EmsJspApplication         : Starting EmsJspApplication using Java 1.8.0_191 on DESKTOP-9S2DH3B with PID 7724 (C:\Users\hxsz\IdeaProjects\ems-jsp\target\classes started by hxsz in C:\Users\hxsz\IdeaProjects\ems-jsp)
2021-08-05 13:47:14.374 DEBUG 7724 --- [restartedMain] com.hxh.emsjsp.EmsJspApplication         : Running with Spring Boot v2.5.3, Spring v5.3.9
2021-08-05 13:47:14.375  INFO 7724 --- [restartedMain] com.hxh.emsjsp.EmsJspApplication         : No active profile set, falling back to default profiles: default
2021-08-05 13:47:14.778  INFO 7724 --- [restartedMain] o.s.b.w.embedded.tomcat.TomcatWebServer  : Tomcat initialized with port(s): 8081 (http)
2021-08-05 13:47:14.779  INFO 7724 --- [restartedMain] o.apache.catalina.core.StandardService   : Starting service [Tomcat]
2021-08-05 13:47:14.779  INFO 7724 --- [restartedMain] org.apache.catalina.core.StandardEngine  : Starting Servlet engine: [Apache Tomcat/9.0.50]
2021-08-05 13:47:14.958  INFO 7724 --- [restartedMain] org.apache.jasper.servlet.TldScanner     : At least one JAR was scanned for TLDs yet contained no TLDs. Enable debug logging for this logger for a complete list of JARs that were scanned but no TLDs were found in them. Skipping unneeded JARs during scanning can improve startup time and JSP compilation time.
2021-08-05 13:47:14.960  INFO 7724 --- [restartedMain] o.a.c.c.C.[.[localhost].[/ems-jsp]       : Initializing Spring embedded WebApplicationContext
2021-08-05 13:47:14.961  INFO 7724 --- [restartedMain] w.s.c.ServletWebServerApplicationContext : Root WebApplicationContext: initialization completed in 584 ms
2021-08-05 13:47:15.097  INFO 7724 --- [restartedMain] o.s.b.a.w.s.WelcomePageHandlerMapping    : Adding welcome page template: index
2021-08-05 13:47:15.147  WARN 7724 --- [restartedMain] o.s.b.d.a.OptionalLiveReloadServer       : Unable to start LiveReload server
2021-08-05 13:47:15.160  INFO 7724 --- [restartedMain] o.s.b.w.embedded.tomcat.TomcatWebServer  : Tomcat started on port(s): 8081 (http) with context path '/ems-jsp'
2021-08-05 13:47:15.164  INFO 7724 --- [restartedMain] com.hxh.emsjsp.EmsJspApplication         : Started EmsJspApplication in 0.834 seconds (JVM running for 7331.788)
2021-08-05 13:47:15.166  INFO 7724 --- [restartedMain] .ConditionEvaluationDeltaLoggingListener : Condition evaluation unchanged
2021-08-05 13:47:16.648  INFO 7724 --- [Thread-14] com.alibaba.druid.pool.DruidDataSource   : {dataSource-0} closing ...
2021-08-05 13:47:16.798  INFO 7724 --- [restartedMain] com.hxh.emsjsp.EmsJspApplication         : Starting EmsJspApplication using Java 1.8.0_191 on DESKTOP-9S2DH3B with PID 7724 (C:\Users\hxsz\IdeaProjects\ems-jsp\target\classes started by hxsz in C:\Users\hxsz\IdeaProjects\ems-jsp)
2021-08-05 13:47:16.798 DEBUG 7724 --- [restartedMain] com.hxh.emsjsp.EmsJspApplication         : Running with Spring Boot v2.5.3, Spring v5.3.9
2021-08-05 13:47:16.798  INFO 7724 --- [restartedMain] com.hxh.emsjsp.EmsJspApplication         : No active profile set, falling back to default profiles: default
2021-08-05 13:47:17.010  INFO 7724 --- [restartedMain] o.s.b.w.embedded.tomcat.TomcatWebServer  : Tomcat initialized with port(s): 8081 (http)
2021-08-05 13:47:17.011  INFO 7724 --- [restartedMain] o.apache.catalina.core.StandardService   : Starting service [Tomcat]
2021-08-05 13:47:17.011  INFO 7724 --- [restartedMain] org.apache.catalina.core.StandardEngine  : Starting Servlet engine: [Apache Tomcat/9.0.50]
2021-08-05 13:47:17.079  INFO 7724 --- [restartedMain] org.apache.jasper.servlet.TldScanner     : At least one JAR was scanned for TLDs yet contained no TLDs. Enable debug logging for this logger for a complete list of JARs that were scanned but no TLDs were found in them. Skipping unneeded JARs during scanning can improve startup time and JSP compilation time.
2021-08-05 13:47:17.080  INFO 7724 --- [restartedMain] o.a.c.c.C.[.[localhost].[/ems-jsp]       : Initializing Spring embedded WebApplicationContext
2021-08-05 13:47:17.080  INFO 7724 --- [restartedMain] w.s.c.ServletWebServerApplicationContext : Root WebApplicationContext: initialization completed in 277 ms
2021-08-05 13:47:17.166  INFO 7724 --- [restartedMain] o.s.b.a.w.s.WelcomePageHandlerMapping    : Adding welcome page template: index
2021-08-05 13:47:17.193  WARN 7724 --- [restartedMain] o.s.b.d.a.OptionalLiveReloadServer       : Unable to start LiveReload server
2021-08-05 13:47:17.203  INFO 7724 --- [restartedMain] o.s.b.w.embedded.tomcat.TomcatWebServer  : Tomcat started on port(s): 8081 (http) with context path '/ems-jsp'
2021-08-05 13:47:17.206  INFO 7724 --- [restartedMain] com.hxh.emsjsp.EmsJspApplication         : Started EmsJspApplication in 0.437 seconds (JVM running for 7333.83)
2021-08-05 13:47:17.207  INFO 7724 --- [restartedMain] .ConditionEvaluationDeltaLoggingListener : Condition evaluation unchanged
2021-08-05 13:47:25.386  INFO 7724 --- [SpringApplicationShutdownHook] com.alibaba.druid.pool.DruidDataSource   : {dataSource-0} closing ...
2021-08-05 17:02:42.165  INFO 4772 --- [restartedMain] com.hxh.emsjsp.EmsJspApplication         : Starting EmsJspApplication using Java 1.8.0_191 on DESKTOP-9S2DH3B with PID 4772 (C:\Users\hxsz\IdeaProjects\ems-jsp\target\classes started by hxsz in C:\Users\hxsz\IdeaProjects\ems-jsp)
2021-08-05 17:02:42.167 DEBUG 4772 --- [restartedMain] com.hxh.emsjsp.EmsJspApplication         : Running with Spring Boot v2.5.3, Spring v5.3.9
2021-08-05 17:02:42.168  INFO 4772 --- [restartedMain] com.hxh.emsjsp.EmsJspApplication         : No active profile set, falling back to default profiles: default
2021-08-05 17:02:42.299  INFO 4772 --- [restartedMain] .e.DevToolsPropertyDefaultsPostProcessor : Devtools property defaults active! Set 'spring.devtools.add-properties' to 'false' to disable
2021-08-05 17:02:42.300  INFO 4772 --- [restartedMain] .e.DevToolsPropertyDefaultsPostProcessor : For additional web related logging consider setting the 'logging.level.web' property to 'DEBUG'
2021-08-05 17:02:43.750  INFO 4772 --- [restartedMain] o.s.b.w.embedded.tomcat.TomcatWebServer  : Tomcat initialized with port(s): 8081 (http)
2021-08-05 17:02:43.762  INFO 4772 --- [restartedMain] o.apache.catalina.core.StandardService   : Starting service [Tomcat]
2021-08-05 17:02:43.762  INFO 4772 --- [restartedMain] org.apache.catalina.core.StandardEngine  : Starting Servlet engine: [Apache Tomcat/9.0.50]
2021-08-05 17:02:44.038  INFO 4772 --- [restartedMain] org.apache.jasper.servlet.TldScanner     : At least one JAR was scanned for TLDs yet contained no TLDs. Enable debug logging for this logger for a complete list of JARs that were scanned but no TLDs were found in them. Skipping unneeded JARs during scanning can improve startup time and JSP compilation time.
2021-08-05 17:02:44.046  INFO 4772 --- [restartedMain] o.a.c.c.C.[.[localhost].[/ems-jsp]       : Initializing Spring embedded WebApplicationContext
2021-08-05 17:02:44.046  INFO 4772 --- [restartedMain] w.s.c.ServletWebServerApplicationContext : Root WebApplicationContext: initialization completed in 1746 ms
2021-08-05 17:02:44.659  INFO 4772 --- [restartedMain] o.s.b.a.w.s.WelcomePageHandlerMapping    : Adding welcome page template: index
2021-08-05 17:02:44.787  WARN 4772 --- [restartedMain] o.s.b.d.a.OptionalLiveReloadServer       : Unable to start LiveReload server
2021-08-05 17:02:44.804  WARN 4772 --- [restartedMain] ConfigServletWebServerApplicationContext : Exception encountered during context initialization - cancelling refresh attempt: org.springframework.context.ApplicationContextException: Failed to start bean 'webServerStartStop'; nested exception is org.springframework.boot.web.server.PortInUseException: Port 8081 is already in use
2021-08-05 17:02:44.808  INFO 4772 --- [restartedMain] com.alibaba.druid.pool.DruidDataSource   : {dataSource-0} closing ...
2021-08-05 17:02:44.811  INFO 4772 --- [restartedMain] o.apache.catalina.core.StandardService   : Stopping service [Tomcat]
2021-08-05 17:02:44.881  INFO 4772 --- [restartedMain] ConditionEvaluationReportLoggingListener : 

Error starting ApplicationContext. To display the conditions report re-run your application with 'debug' enabled.
2021-08-05 17:02:44.901 ERROR 4772 --- [restartedMain] o.s.b.d.LoggingFailureAnalysisReporter   : 

***************************
APPLICATION FAILED TO START
***************************

Description:

Web server failed to start. Port 8081 was already in use.

Action:

Identify and stop the process that's listening on port 8081 or configure this application to listen on another port.

2021-08-05 17:03:51.559  INFO 12928 --- [restartedMain] com.hxh.emsjsp.EmsJspApplication         : Starting EmsJspApplication using Java 1.8.0_191 on DESKTOP-9S2DH3B with PID 12928 (C:\Users\hxsz\IdeaProjects\ems-jsp\target\classes started by hxsz in C:\Users\hxsz\IdeaProjects\ems-jsp)
2021-08-05 17:03:51.562 DEBUG 12928 --- [restartedMain] com.hxh.emsjsp.EmsJspApplication         : Running with Spring Boot v2.5.3, Spring v5.3.9
2021-08-05 17:03:51.562  INFO 12928 --- [restartedMain] com.hxh.emsjsp.EmsJspApplication         : No active profile set, falling back to default profiles: default
2021-08-05 17:03:51.622  INFO 12928 --- [restartedMain] .e.DevToolsPropertyDefaultsPostProcessor : Devtools property defaults active! Set 'spring.devtools.add-properties' to 'false' to disable
2021-08-05 17:03:51.623  INFO 12928 --- [restartedMain] .e.DevToolsPropertyDefaultsPostProcessor : For additional web related logging consider setting the 'logging.level.web' property to 'DEBUG'
2021-08-05 17:03:53.180  INFO 12928 --- [restartedMain] o.s.b.w.embedded.tomcat.TomcatWebServer  : Tomcat initialized with port(s): 8081 (http)
2021-08-05 17:03:53.193  INFO 12928 --- [restartedMain] o.apache.catalina.core.StandardService   : Starting service [Tomcat]
2021-08-05 17:03:53.194  INFO 12928 --- [restartedMain] org.apache.catalina.core.StandardEngine  : Starting Servlet engine: [Apache Tomcat/9.0.50]
2021-08-05 17:03:53.478  INFO 12928 --- [restartedMain] org.apache.jasper.servlet.TldScanner     : At least one JAR was scanned for TLDs yet contained no TLDs. Enable debug logging for this logger for a complete list of JARs that were scanned but no TLDs were found in them. Skipping unneeded JARs during scanning can improve startup time and JSP compilation time.
2021-08-05 17:03:53.484  INFO 12928 --- [restartedMain] o.a.c.c.C.[.[localhost].[/ems-jsp]       : Initializing Spring embedded WebApplicationContext
2021-08-05 17:03:53.484  INFO 12928 --- [restartedMain] w.s.c.ServletWebServerApplicationContext : Root WebApplicationContext: initialization completed in 1861 ms
2021-08-05 17:03:54.095  INFO 12928 --- [restartedMain] o.s.b.a.w.s.WelcomePageHandlerMapping    : Adding welcome page template: index
2021-08-05 17:03:54.215  WARN 12928 --- [restartedMain] o.s.b.d.a.OptionalLiveReloadServer       : Unable to start LiveReload server
2021-08-05 17:03:54.231  WARN 12928 --- [restartedMain] ConfigServletWebServerApplicationContext : Exception encountered during context initialization - cancelling refresh attempt: org.springframework.context.ApplicationContextException: Failed to start bean 'webServerStartStop'; nested exception is org.springframework.boot.web.server.PortInUseException: Port 8081 is already in use
2021-08-05 17:03:54.234  INFO 12928 --- [restartedMain] com.alibaba.druid.pool.DruidDataSource   : {dataSource-0} closing ...
2021-08-05 17:03:54.237  INFO 12928 --- [restartedMain] o.apache.catalina.core.StandardService   : Stopping service [Tomcat]
2021-08-05 17:03:54.295  INFO 12928 --- [restartedMain] ConditionEvaluationReportLoggingListener : 

Error starting ApplicationContext. To display the conditions report re-run your application with 'debug' enabled.
2021-08-05 17:03:54.315 ERROR 12928 --- [restartedMain] o.s.b.d.LoggingFailureAnalysisReporter   : 

***************************
APPLICATION FAILED TO START
***************************

Description:

Web server failed to start. Port 8081 was already in use.

Action:

Identify and stop the process that's listening on port 8081 or configure this application to listen on another port.

